<?xml version="1.0" encoding="UTF-8"?>
<testng-results ignored="0" total="1" passed="1" failed="0" skipped="0">
  <reporter-output>
  </reporter-output>
  <suite started-at="2024-02-05T21:54:54 EET" name="Default suite" finished-at="2024-02-05T21:55:12 EET" duration-ms="18122">
    <groups>
    </groups>
    <test started-at="2024-02-05T21:54:54 EET" name="Default test" finished-at="2024-02-05T21:55:12 EET" duration-ms="18122">
      <class name="wep_pages_test.ProductTest">
        <test-method is-config="true" signature="setUp()[pri:0, instance:wep_pages_test.ProductTest@38cee291]" started-at="2024-02-05T21:54:54 EET" name="setUp" finished-at="2024-02-05T21:55:01 EET" duration-ms="6784" status="PASS">
          <reporter-output>
          </reporter-output>
        </test-method> <!-- setUp -->
        <test-method signature="addProductToCart(java.lang.String)[pri:0, instance:wep_pages_test.ProductTest@38cee291]" started-at="2024-02-05T21:55:01 EET" name="addProductToCart" data-provider="getProductData" finished-at="2024-02-05T21:55:12 EET" duration-ms="11011" status="PASS">
          <params>
            <param index="0">
              <value>
                <![CDATA[Samsung galaxy s6]]>
              </value>
            </param>
          </params>
          <reporter-output>
          </reporter-output>
        </test-method> <!-- addProductToCart -->
        <test-method is-config="true" signature="tearDown()[pri:0, instance:wep_pages_test.ProductTest@38cee291]" started-at="2024-02-05T21:55:12 EET" name="tearDown" finished-at="2024-02-05T21:55:12 EET" duration-ms="281" status="PASS">
          <reporter-output>
          </reporter-output>
        </test-method> <!-- tearDown -->
      </class> <!-- wep_pages_test.ProductTest -->
    </test> <!-- Default test -->
  </suite> <!-- Default suite -->
</testng-results>
