<?xml version="1.0" encoding="UTF-8"?>
<testng-results ignored="0" total="1" passed="1" failed="0" skipped="0">
  <reporter-output>
  </reporter-output>
  <suite started-at="2024-01-04T00:05:38 EET" name="Default suite" finished-at="2024-01-04T00:05:57 EET" duration-ms="18494">
    <groups>
    </groups>
    <test started-at="2024-01-04T00:05:38 EET" name="Default test" finished-at="2024-01-04T00:05:57 EET" duration-ms="18494">
      <class name="wep_pages_test.CartTest">
        <test-method is-config="true" signature="setUp()[pri:0, instance:wep_pages_test.CartTest@4686afc2]" started-at="2024-01-04T00:05:38 EET" name="setUp" finished-at="2024-01-04T00:05:46 EET" duration-ms="7612" status="PASS">
          <reporter-output>
          </reporter-output>
        </test-method> <!-- setUp -->
        <test-method is-config="true" signature="cartSetUp()[pri:0, instance:wep_pages_test.CartTest@4686afc2]" started-at="2024-01-04T00:05:46 EET" name="cartSetUp" finished-at="2024-01-04T00:05:56 EET" duration-ms="10465" status="PASS">
          <reporter-output>
          </reporter-output>
        </test-method> <!-- cartSetUp -->
        <test-method signature="verifyCart()[pri:0, instance:wep_pages_test.CartTest@4686afc2]" started-at="2024-01-04T00:05:56 EET" name="verifyCart" finished-at="2024-01-04T00:05:56 EET" duration-ms="41" status="PASS">
          <reporter-output>
          </reporter-output>
        </test-method> <!-- verifyCart -->
        <test-method is-config="true" signature="tearDown()[pri:0, instance:wep_pages_test.CartTest@4686afc2]" started-at="2024-01-04T00:05:56 EET" name="tearDown" finished-at="2024-01-04T00:05:57 EET" duration-ms="329" status="PASS">
          <reporter-output>
          </reporter-output>
        </test-method> <!-- tearDown -->
      </class> <!-- wep_pages_test.CartTest -->
    </test> <!-- Default test -->
  </suite> <!-- Default suite -->
</testng-results>
